<?xml version="1.0" encoding="UTF-8"?>
<coverage generated="1597449618687" clover="3.2.0">
  <project timestamp="1597449618687" name="All files">
    <metrics statements="15" coveredstatements="15" conditionals="2" coveredconditionals="1" methods="4" coveredmethods="4" elements="21" coveredelements="20" complexity="0" loc="15" ncloc="15" packages="1" files="1" classes="1"/>
    <file name="app.ts" path="C:\Users\Roger\projects\javascript\new-agile-blog\src\server\app.ts">
      <metrics statements="15" coveredstatements="15" conditionals="2" coveredconditionals="1" methods="4" coveredmethods="4"/>
      <line num="1" count="1" type="stmt"/>
      <line num="3" count="1" type="stmt"/>
      <line num="5" count="1" type="stmt"/>
      <line num="7" count="1" type="stmt"/>
      <line num="8" count="6" type="stmt"/>
      <line num="10" count="6" type="cond" truecount="1" falsecount="1"/>
      <line num="11" count="6" type="stmt"/>
      <line num="12" count="6" type="stmt"/>
      <line num="14" count="6" type="stmt"/>
      <line num="15" count="2" type="stmt"/>
      <line num="18" count="6" type="stmt"/>
      <line num="19" count="1" type="stmt"/>
      <line num="22" count="6" type="stmt"/>
      <line num="23" count="2" type="stmt"/>
      <line num="26" count="6" type="stmt"/>
    </file>
  </project>
</coverage>
