{"C:\\Users\\Roger\\projects\\javascript\\new-agile-blog\\src\\server\\server.ts": {"path":"C:\\Users\\Roger\\projects\\javascript\\new-agile-blog\\src\\server\\server.ts","statementMap":{"0":{"start":{"line":1,"column":0},"end":{"line":1,"column":30}},"1":{"start":{"line":5,"column":4},"end":{"line":5,"column":20}},"2":{"start":{"line":6,"column":4},"end":{"line":6,"column":16}},"3":{"start":{"line":10,"column":8},"end":{"line":12,"column":11}},"4":{"start":{"line":11,"column":12},"end":{"line":11,"column":39}},"5":{"start":{"line":14,"column":8},"end":{"line":16,"column":11}},"6":{"start":{"line":15,"column":12},"end":{"line":15,"column":41}},"7":{"start":{"line":19,"column":8},"end":{"line":21,"column":11}},"8":{"start":{"line":20,"column":12},"end":{"line":20,"column":55}},"9":{"start":{"line":25,"column":8},"end":{"line":27,"column":11}},"10":{"start":{"line":26,"column":12},"end":{"line":26,"column":58}},"11":{"start":{"line":31,"column":8},"end":{"line":33,"column":11}},"12":{"start":{"line":32,"column":12},"end":{"line":32,"column":59}},"13":{"start":{"line":32,"column":34},"end":{"line":32,"column":59}},"14":{"start":{"line":4,"column":0},"end":{"line":4,"column":13}}},"fnMap":{"0":{"name":"(anonymous_1)","decl":{"start":{"line":8,"column":4},"end":{"line":8,"column":null}},"loc":{"start":{"line":8,"column":4},"end":{"line":22,"column":5}}},"1":{"name":"(anonymous_2)","decl":{"start":{"line":10,"column":26},"end":{"line":10,"column":27}},"loc":{"start":{"line":10,"column":39},"end":{"line":12,"column":9}}},"2":{"name":"(anonymous_3)","decl":{"start":{"line":14,"column":33},"end":{"line":14,"column":34}},"loc":{"start":{"line":14,"column":46},"end":{"line":16,"column":9}}},"3":{"name":"(anonymous_4)","decl":{"start":{"line":19,"column":21},"end":{"line":19,"column":22}},"loc":{"start":{"line":19,"column":34},"end":{"line":21,"column":9}}},"4":{"name":"(anonymous_5)","decl":{"start":{"line":24,"column":4},"end":{"line":24,"column":9}},"loc":{"start":{"line":24,"column":9},"end":{"line":28,"column":5}}},"5":{"name":"(anonymous_6)","decl":{"start":{"line":25,"column":27},"end":{"line":25,"column":32}},"loc":{"start":{"line":25,"column":38},"end":{"line":27,"column":9}}},"6":{"name":"(anonymous_7)","decl":{"start":{"line":30,"column":4},"end":{"line":30,"column":8}},"loc":{"start":{"line":30,"column":8},"end":{"line":34,"column":5}}},"7":{"name":"(anonymous_8)","decl":{"start":{"line":31,"column":27},"end":{"line":31,"column":30}},"loc":{"start":{"line":31,"column":32},"end":{"line":33,"column":9}}}},"branchMap":{"0":{"loc":{"start":{"line":32,"column":12},"end":{"line":32,"column":59}},"type":"if","locations":[{"start":{"line":32,"column":12},"end":{"line":32,"column":59}},{"start":{"line":32,"column":12},"end":{"line":32,"column":59}}]}},"s":{"0":1,"1":7,"2":7,"3":7,"4":0,"5":7,"6":0,"7":7,"8":0,"9":5,"10":5,"11":9,"12":9,"13":5,"14":1},"f":{"0":7,"1":0,"2":0,"3":0,"4":5,"5":5,"6":9,"7":9},"b":{"0":[5,4]}}
}
