TN:
SF:src\client\Layout.ts
FN:5,setLayout
FNF:1
FNH:1
FNDA:5,setLayout
DA:3,2
DA:5,2
DA:6,5
LF:3
LH:3
BRF:0
BRH:0
end_of_record
TN:
SF:src\server\app.ts
FN:11,newApp
FN:35,(anonymous_8)
FN:39,(anonymous_9)
FN:43,(anonymous_10)
FNF:4
FNH:4
FNDA:10,newApp
FNDA:5,(anonymous_8)
FNDA:1,(anonymous_9)
FNDA:2,(anonymous_10)
DA:1,1
DA:3,1
DA:4,1
DA:5,1
DA:6,1
DA:8,1
DA:9,1
DA:11,1
DA:12,10
DA:14,10
DA:15,10
DA:16,10
DA:17,10
DA:18,10
DA:19,10
DA:20,10
DA:32,10
DA:33,10
DA:35,10
DA:36,5
DA:39,10
DA:40,1
DA:43,10
DA:44,2
DA:47,10
LF:25
LH:25
BRDA:14,0,0,10
BRDA:14,0,1,0
BRF:2
BRH:1
end_of_record
