TN:
SF:src/client/Layout.ts
FN:5,setLayout
FNF:1
FNH:1
FNDA:4,setLayout
DA:3,2
DA:5,2
DA:6,4
LF:3
LH:3
BRF:0
BRH:0
end_of_record
TN:
SF:src/client/wheel.ts
FN:1,startRotate
FNF:1
FNH:1
FNDA:1,startRotate
DA:1,1
DA:2,1
LF:2
LH:2
BRF:0
BRH:0
end_of_record
TN:
SF:src/server/app.ts
FN:11,newApp
FN:35,(anonymous_8)
FN:39,(anonymous_9)
FN:43,(anonymous_10)
FNF:4
FNH:4
FNDA:9,newApp
FNDA:4,(anonymous_8)
FNDA:1,(anonymous_9)
FNDA:2,(anonymous_10)
DA:1,1
DA:3,1
DA:4,1
DA:5,1
DA:6,1
DA:8,1
DA:9,1
DA:11,1
DA:12,9
DA:14,9
DA:15,9
DA:16,9
DA:17,9
DA:18,9
DA:19,9
DA:20,9
DA:32,9
DA:33,9
DA:35,9
DA:36,4
DA:39,9
DA:40,1
DA:43,9
DA:44,2
DA:47,9
LF:25
LH:25
BRDA:14,0,0,9
BRDA:14,0,1,0
BRF:2
BRH:1
end_of_record
